Polymorphia MAZE: turn 0
	Room 1:
		Glutton_01(health: 5.0)
		Ghost(health: 3.0)
		French Fries(1)
		Pancake(1)

	Room 2:
		Glutton_11(health: 5.0)
		Goblin(health: 3.0)
		Pancake(1)

	Room 3:
		Ghost(health: 3.0)
		Sandwich(1)

	Room 4:
		Demon(health: 15.0)
		Pancake(1)

	Room 5:
		Salad(1)

	Room 6:
		French Fries(1)

	Room 7:
		Pancake(1)

	Room 8:
		Salad(1)

	Room 9:
		Salad(1)
Starting play...
Doing nothing for action for Ghost
Doing nothing for action for Goblin
Doing nothing for action for Ghost
Glutton_01 is fighting Ghost(health: 3.0)
Glutton_01 rolled 6
Ghost(health: 3.0) rolled 1
Ghost just died!
Glutton_11 is fighting Goblin(health: 3.0)
Glutton_11 rolled 3
Goblin(health: 3.0) rolled 5
Polymorphia MAZE: turn 1
	Room 1:
		Glutton_01(health: 4.5)
		Ghost(health: -2.0)
		French Fries(1)
		Pancake(1)

	Room 2:
		Glutton_11(health: 2.5)
		Goblin(health: 2.5)
		Pancake(1)

	Room 3:
		Ghost(health: 3.0)
		Sandwich(1)

	Room 4:
		Demon(health: 15.0)
		Pancake(1)

	Room 5:
		Salad(1)

	Room 6:
		French Fries(1)

	Room 7:
		Pancake(1)

	Room 8:
		Salad(1)

	Room 9:
		Salad(1)
Doing nothing for action for Ghost
Doing nothing for action for Goblin
Glutton_11 is fighting Goblin(health: 2.5)
Glutton_11 rolled 2
Goblin(health: 2.5) rolled 6
Glutton_11 just died!
Glutton_01 just ate French Fries(1)
Glutton_01 gained health: 1.0
Polymorphia MAZE: turn 2
	Room 1:
		Glutton_01(health: 5.5)
		Ghost(health: -2.0)
		Pancake(1)

	Room 2:
		Glutton_11(health: -1.5)
		Goblin(health: 2.0)
		Pancake(1)

	Room 3:
		Ghost(health: 3.0)
		Sandwich(1)

	Room 4:
		Demon(health: 15.0)
		Pancake(1)

	Room 5:
		Salad(1)

	Room 6:
		French Fries(1)

	Room 7:
		Pancake(1)

	Room 8:
		Salad(1)

	Room 9:
		Salad(1)
Doing nothing for action for Goblin
Doing nothing for action for Ghost
Glutton_01 just ate Pancake(1)
Glutton_01 gained health: 1.0
Polymorphia MAZE: turn 3
	Room 1:
		Glutton_01(health: 6.5)
		Ghost(health: -2.0)

	Room 2:
		Glutton_11(health: -1.5)
		Goblin(health: 2.0)
		Pancake(1)

	Room 3:
		Ghost(health: 3.0)
		Sandwich(1)

	Room 4:
		Demon(health: 15.0)
		Pancake(1)

	Room 5:
		Salad(1)

	Room 6:
		French Fries(1)

	Room 7:
		Pancake(1)

	Room 8:
		Salad(1)

	Room 9:
		Salad(1)
Doing nothing for action for Ghost
Doing nothing for action for Goblin
Glutton_01 moved from Room 1 to Room 2
Polymorphia MAZE: turn 4
	Room 1:
		Ghost(health: -2.0)

	Room 2:
		Glutton_11(health: -1.5)
		Goblin(health: 2.0)
		Glutton_01(health: 6.25)
		Pancake(1)

	Room 3:
		Ghost(health: 3.0)
		Sandwich(1)

	Room 4:
		Demon(health: 15.0)
		Pancake(1)

	Room 5:
		Salad(1)

	Room 6:
		French Fries(1)

	Room 7:
		Pancake(1)

	Room 8:
		Salad(1)

	Room 9:
		Salad(1)
Doing nothing for action for Ghost
Glutton_01 is fighting Goblin(health: 2.0)
Glutton_01 rolled 1
Goblin(health: 2.0) rolled 6
Doing nothing for action for Goblin
Polymorphia MAZE: turn 5
	Room 1:
		Ghost(health: -2.0)

	Room 2:
		Glutton_11(health: -1.5)
		Goblin(health: 1.5)
		Glutton_01(health: 0.75)
		Pancake(1)

	Room 3:
		Ghost(health: 3.0)
		Sandwich(1)

	Room 4:
		Demon(health: 15.0)
		Pancake(1)

	Room 5:
		Salad(1)

	Room 6:
		French Fries(1)

	Room 7:
		Pancake(1)

	Room 8:
		Salad(1)

	Room 9:
		Salad(1)
Doing nothing for action for Ghost
Glutton_01 is fighting Goblin(health: 1.5)
Glutton_01 rolled 5
Goblin(health: 1.5) rolled 3
Goblin just died!
Polymorphia MAZE: turn 6
	Room 1:
		Ghost(health: -2.0)

	Room 2:
		Glutton_11(health: -1.5)
		Goblin(health: -0.5)
		Glutton_01(health: 0.25)
		Pancake(1)

	Room 3:
		Ghost(health: 3.0)
		Sandwich(1)

	Room 4:
		Demon(health: 15.0)
		Pancake(1)

	Room 5:
		Salad(1)

	Room 6:
		French Fries(1)

	Room 7:
		Pancake(1)

	Room 8:
		Salad(1)

	Room 9:
		Salad(1)
Doing nothing for action for Ghost
Glutton_01 just ate Pancake(1)
Glutton_01 gained health: 1.0
Polymorphia MAZE: turn 7
	Room 1:
		Ghost(health: -2.0)

	Room 2:
		Glutton_11(health: -1.5)
		Goblin(health: -0.5)
		Glutton_01(health: 1.25)

	Room 3:
		Ghost(health: 3.0)
		Sandwich(1)

	Room 4:
		Demon(health: 15.0)
		Pancake(1)

	Room 5:
		Salad(1)

	Room 6:
		French Fries(1)

	Room 7:
		Pancake(1)

	Room 8:
		Salad(1)

	Room 9:
		Salad(1)
Doing nothing for action for Ghost
Glutton_01 moved from Room 2 to Room 3
Polymorphia MAZE: turn 8
	Room 1:
		Ghost(health: -2.0)

	Room 2:
		Glutton_11(health: -1.5)
		Goblin(health: -0.5)

	Room 3:
		Ghost(health: 3.0)
		Glutton_01(health: 1.0)
		Sandwich(1)

	Room 4:
		Demon(health: 15.0)
		Pancake(1)

	Room 5:
		Salad(1)

	Room 6:
		French Fries(1)

	Room 7:
		Pancake(1)

	Room 8:
		Salad(1)

	Room 9:
		Salad(1)
Doing nothing for action for Ghost
Glutton_01 is fighting Ghost(health: 3.0)
Glutton_01 rolled 5
Ghost(health: 3.0) rolled 1
Ghost just died!
Polymorphia MAZE: turn 9
	Room 1:
		Ghost(health: -2.0)

	Room 2:
		Glutton_11(health: -1.5)
		Goblin(health: -0.5)

	Room 3:
		Ghost(health: -1.0)
		Glutton_01(health: 0.5)
		Sandwich(1)

	Room 4:
		Demon(health: 15.0)
		Pancake(1)

	Room 5:
		Salad(1)

	Room 6:
		French Fries(1)

	Room 7:
		Pancake(1)

	Room 8:
		Salad(1)

	Room 9:
		Salad(1)
Glutton_01 just ate Sandwich(1)
Glutton_01 gained health: 1.0
Polymorphia MAZE: turn 10
	Room 1:
		Ghost(health: -2.0)

	Room 2:
		Glutton_11(health: -1.5)
		Goblin(health: -0.5)

	Room 3:
		Ghost(health: -1.0)
		Glutton_01(health: 1.5)

	Room 4:
		Demon(health: 15.0)
		Pancake(1)

	Room 5:
		Salad(1)

	Room 6:
		French Fries(1)

	Room 7:
		Pancake(1)

	Room 8:
		Salad(1)

	Room 9:
		Salad(1)
Glutton_01 moved from Room 3 to Room 2
Polymorphia MAZE: turn 11
	Room 1:
		Ghost(health: -2.0)

	Room 2:
		Glutton_11(health: -1.5)
		Goblin(health: -0.5)
		Glutton_01(health: 1.25)

	Room 3:
		Ghost(health: -1.0)

	Room 4:
		Demon(health: 15.0)
		Pancake(1)

	Room 5:
		Salad(1)

	Room 6:
		French Fries(1)

	Room 7:
		Pancake(1)

	Room 8:
		Salad(1)

	Room 9:
		Salad(1)
Glutton_01 moved from Room 2 to Room 1
Polymorphia MAZE: turn 12
	Room 1:
		Ghost(health: -2.0)
		Glutton_01(health: 1.0)

	Room 2:
		Glutton_11(health: -1.5)
		Goblin(health: -0.5)

	Room 3:
		Ghost(health: -1.0)

	Room 4:
		Demon(health: 15.0)
		Pancake(1)

	Room 5:
		Salad(1)

	Room 6:
		French Fries(1)

	Room 7:
		Pancake(1)

	Room 8:
		Salad(1)

	Room 9:
		Salad(1)
Glutton_01 moved from Room 1 to Room 2
Polymorphia MAZE: turn 13
	Room 1:
		Ghost(health: -2.0)

	Room 2:
		Glutton_11(health: -1.5)
		Goblin(health: -0.5)
		Glutton_01(health: 0.75)

	Room 3:
		Ghost(health: -1.0)

	Room 4:
		Demon(health: 15.0)
		Pancake(1)

	Room 5:
		Salad(1)

	Room 6:
		French Fries(1)

	Room 7:
		Pancake(1)

	Room 8:
		Salad(1)

	Room 9:
		Salad(1)
Glutton_01 moved from Room 2 to Room 3
Polymorphia MAZE: turn 14
	Room 1:
		Ghost(health: -2.0)

	Room 2:
		Glutton_11(health: -1.5)
		Goblin(health: -0.5)

	Room 3:
		Ghost(health: -1.0)
		Glutton_01(health: 0.5)

	Room 4:
		Demon(health: 15.0)
		Pancake(1)

	Room 5:
		Salad(1)

	Room 6:
		French Fries(1)

	Room 7:
		Pancake(1)

	Room 8:
		Salad(1)

	Room 9:
		Salad(1)
Glutton_01 moved from Room 3 to Room 6
Polymorphia MAZE: turn 15
	Room 1:
		Ghost(health: -2.0)

	Room 2:
		Glutton_11(health: -1.5)
		Goblin(health: -0.5)

	Room 3:
		Ghost(health: -1.0)

	Room 4:
		Demon(health: 15.0)
		Pancake(1)

	Room 5:
		Salad(1)

	Room 6:
		Glutton_01(health: 0.25)
		French Fries(1)

	Room 7:
		Pancake(1)

	Room 8:
		Salad(1)

	Room 9:
		Salad(1)
Glutton_01 just ate French Fries(1)
Glutton_01 gained health: 1.0
Polymorphia MAZE: turn 16
	Room 1:
		Ghost(health: -2.0)

	Room 2:
		Glutton_11(health: -1.5)
		Goblin(health: -0.5)

	Room 3:
		Ghost(health: -1.0)

	Room 4:
		Demon(health: 15.0)
		Pancake(1)

	Room 5:
		Salad(1)

	Room 6:
		Glutton_01(health: 1.25)

	Room 7:
		Pancake(1)

	Room 8:
		Salad(1)

	Room 9:
		Salad(1)
Glutton_01 moved from Room 6 to Room 5
Polymorphia MAZE: turn 17
	Room 1:
		Ghost(health: -2.0)

	Room 2:
		Glutton_11(health: -1.5)
		Goblin(health: -0.5)

	Room 3:
		Ghost(health: -1.0)

	Room 4:
		Demon(health: 15.0)
		Pancake(1)

	Room 5:
		Glutton_01(health: 1.0)
		Salad(1)

	Room 6:


	Room 7:
		Pancake(1)

	Room 8:
		Salad(1)

	Room 9:
		Salad(1)
Glutton_01 just ate Salad(1)
Glutton_01 gained health: 1.0
Polymorphia MAZE: turn 18
	Room 1:
		Ghost(health: -2.0)

	Room 2:
		Glutton_11(health: -1.5)
		Goblin(health: -0.5)

	Room 3:
		Ghost(health: -1.0)

	Room 4:
		Demon(health: 15.0)
		Pancake(1)

	Room 5:
		Glutton_01(health: 2.0)

	Room 6:


	Room 7:
		Pancake(1)

	Room 8:
		Salad(1)

	Room 9:
		Salad(1)
Glutton_01 moved from Room 5 to Room 2
Polymorphia MAZE: turn 19
	Room 1:
		Ghost(health: -2.0)

	Room 2:
		Glutton_11(health: -1.5)
		Goblin(health: -0.5)
		Glutton_01(health: 1.75)

	Room 3:
		Ghost(health: -1.0)

	Room 4:
		Demon(health: 15.0)
		Pancake(1)

	Room 5:


	Room 6:


	Room 7:
		Pancake(1)

	Room 8:
		Salad(1)

	Room 9:
		Salad(1)
Glutton_01 moved from Room 2 to Room 5
Polymorphia MAZE: turn 20
	Room 1:
		Ghost(health: -2.0)

	Room 2:
		Glutton_11(health: -1.5)
		Goblin(health: -0.5)

	Room 3:
		Ghost(health: -1.0)

	Room 4:
		Demon(health: 15.0)
		Pancake(1)

	Room 5:
		Glutton_01(health: 1.5)

	Room 6:


	Room 7:
		Pancake(1)

	Room 8:
		Salad(1)

	Room 9:
		Salad(1)
Glutton_01 moved from Room 5 to Room 6
Polymorphia MAZE: turn 21
	Room 1:
		Ghost(health: -2.0)

	Room 2:
		Glutton_11(health: -1.5)
		Goblin(health: -0.5)

	Room 3:
		Ghost(health: -1.0)

	Room 4:
		Demon(health: 15.0)
		Pancake(1)

	Room 5:


	Room 6:
		Glutton_01(health: 1.25)

	Room 7:
		Pancake(1)

	Room 8:
		Salad(1)

	Room 9:
		Salad(1)
Glutton_01 moved from Room 6 to Room 9
Polymorphia MAZE: turn 22
	Room 1:
		Ghost(health: -2.0)

	Room 2:
		Glutton_11(health: -1.5)
		Goblin(health: -0.5)

	Room 3:
		Ghost(health: -1.0)

	Room 4:
		Demon(health: 15.0)
		Pancake(1)

	Room 5:


	Room 6:


	Room 7:
		Pancake(1)

	Room 8:
		Salad(1)

	Room 9:
		Glutton_01(health: 1.0)
		Salad(1)
Glutton_01 just ate Salad(1)
Glutton_01 gained health: 1.0
Polymorphia MAZE: turn 23
	Room 1:
		Ghost(health: -2.0)

	Room 2:
		Glutton_11(health: -1.5)
		Goblin(health: -0.5)

	Room 3:
		Ghost(health: -1.0)

	Room 4:
		Demon(health: 15.0)
		Pancake(1)

	Room 5:


	Room 6:


	Room 7:
		Pancake(1)

	Room 8:
		Salad(1)

	Room 9:
		Glutton_01(health: 2.0)
Glutton_01 moved from Room 9 to Room 8
Polymorphia MAZE: turn 24
	Room 1:
		Ghost(health: -2.0)

	Room 2:
		Glutton_11(health: -1.5)
		Goblin(health: -0.5)

	Room 3:
		Ghost(health: -1.0)

	Room 4:
		Demon(health: 15.0)
		Pancake(1)

	Room 5:


	Room 6:


	Room 7:
		Pancake(1)

	Room 8:
		Glutton_01(health: 1.75)
		Salad(1)

	Room 9:

Glutton_01 just ate Salad(1)
Glutton_01 gained health: 1.0
Polymorphia MAZE: turn 25
	Room 1:
		Ghost(health: -2.0)

	Room 2:
		Glutton_11(health: -1.5)
		Goblin(health: -0.5)

	Room 3:
		Ghost(health: -1.0)

	Room 4:
		Demon(health: 15.0)
		Pancake(1)

	Room 5:


	Room 6:


	Room 7:
		Pancake(1)

	Room 8:
		Glutton_01(health: 2.75)

	Room 9:

Glutton_01 moved from Room 8 to Room 5
Polymorphia MAZE: turn 26
	Room 1:
		Ghost(health: -2.0)

	Room 2:
		Glutton_11(health: -1.5)
		Goblin(health: -0.5)

	Room 3:
		Ghost(health: -1.0)

	Room 4:
		Demon(health: 15.0)
		Pancake(1)

	Room 5:
		Glutton_01(health: 2.5)

	Room 6:


	Room 7:
		Pancake(1)

	Room 8:


	Room 9:

Glutton_01 moved from Room 5 to Room 6
Polymorphia MAZE: turn 27
	Room 1:
		Ghost(health: -2.0)

	Room 2:
		Glutton_11(health: -1.5)
		Goblin(health: -0.5)

	Room 3:
		Ghost(health: -1.0)

	Room 4:
		Demon(health: 15.0)
		Pancake(1)

	Room 5:


	Room 6:
		Glutton_01(health: 2.25)

	Room 7:
		Pancake(1)

	Room 8:


	Room 9:

Glutton_01 moved from Room 6 to Room 9
Polymorphia MAZE: turn 28
	Room 1:
		Ghost(health: -2.0)

	Room 2:
		Glutton_11(health: -1.5)
		Goblin(health: -0.5)

	Room 3:
		Ghost(health: -1.0)

	Room 4:
		Demon(health: 15.0)
		Pancake(1)

	Room 5:


	Room 6:


	Room 7:
		Pancake(1)

	Room 8:


	Room 9:
		Glutton_01(health: 2.0)
Glutton_01 moved from Room 9 to Room 8
Polymorphia MAZE: turn 29
	Room 1:
		Ghost(health: -2.0)

	Room 2:
		Glutton_11(health: -1.5)
		Goblin(health: -0.5)

	Room 3:
		Ghost(health: -1.0)

	Room 4:
		Demon(health: 15.0)
		Pancake(1)

	Room 5:


	Room 6:


	Room 7:
		Pancake(1)

	Room 8:
		Glutton_01(health: 1.75)

	Room 9:

Glutton_01 moved from Room 8 to Room 9
Polymorphia MAZE: turn 30
	Room 1:
		Ghost(health: -2.0)

	Room 2:
		Glutton_11(health: -1.5)
		Goblin(health: -0.5)

	Room 3:
		Ghost(health: -1.0)

	Room 4:
		Demon(health: 15.0)
		Pancake(1)

	Room 5:


	Room 6:


	Room 7:
		Pancake(1)

	Room 8:


	Room 9:
		Glutton_01(health: 1.5)
Glutton_01 moved from Room 9 to Room 6
Polymorphia MAZE: turn 31
	Room 1:
		Ghost(health: -2.0)

	Room 2:
		Glutton_11(health: -1.5)
		Goblin(health: -0.5)

	Room 3:
		Ghost(health: -1.0)

	Room 4:
		Demon(health: 15.0)
		Pancake(1)

	Room 5:


	Room 6:
		Glutton_01(health: 1.25)

	Room 7:
		Pancake(1)

	Room 8:


	Room 9:

Glutton_01 moved from Room 6 to Room 5
Polymorphia MAZE: turn 32
	Room 1:
		Ghost(health: -2.0)

	Room 2:
		Glutton_11(health: -1.5)
		Goblin(health: -0.5)

	Room 3:
		Ghost(health: -1.0)

	Room 4:
		Demon(health: 15.0)
		Pancake(1)

	Room 5:
		Glutton_01(health: 1.0)

	Room 6:


	Room 7:
		Pancake(1)

	Room 8:


	Room 9:

Glutton_01 moved from Room 5 to Room 2
Polymorphia MAZE: turn 33
	Room 1:
		Ghost(health: -2.0)

	Room 2:
		Glutton_11(health: -1.5)
		Goblin(health: -0.5)
		Glutton_01(health: 0.75)

	Room 3:
		Ghost(health: -1.0)

	Room 4:
		Demon(health: 15.0)
		Pancake(1)

	Room 5:


	Room 6:


	Room 7:
		Pancake(1)

	Room 8:


	Room 9:

Glutton_01 moved from Room 2 to Room 1
Polymorphia MAZE: turn 34
	Room 1:
		Ghost(health: -2.0)
		Glutton_01(health: 0.5)

	Room 2:
		Glutton_11(health: -1.5)
		Goblin(health: -0.5)

	Room 3:
		Ghost(health: -1.0)

	Room 4:
		Demon(health: 15.0)
		Pancake(1)

	Room 5:


	Room 6:


	Room 7:
		Pancake(1)

	Room 8:


	Room 9:

Glutton_01 moved from Room 1 to Room 2
Polymorphia MAZE: turn 35
	Room 1:
		Ghost(health: -2.0)

	Room 2:
		Glutton_11(health: -1.5)
		Goblin(health: -0.5)
		Glutton_01(health: 0.25)

	Room 3:
		Ghost(health: -1.0)

	Room 4:
		Demon(health: 15.0)
		Pancake(1)

	Room 5:


	Room 6:


	Room 7:
		Pancake(1)

	Room 8:


	Room 9:

Glutton_01 moved from Room 2 to Room 3
Glutton_01 just died!
The game ended after 36 turns.
The creatures won! Left standing are:
Demon(health: 15.0)